SF:lib\domain\usecases\movies\search_movies.dart
DA:9,1
DA:11,1
DA:12,2
LF:3
LH:3
end_of_record
SF:lib\domain\usecases\tvseries\search_tvseries.dart
DA:9,1
DA:11,1
DA:12,2
LF:3
LH:3
end_of_record
SF:lib\presentation\bloc\search_bloc.dart
DA:11,1
DA:12,3
DA:15,3
DA:16,1
DA:17,1
DA:18,1
DA:20,2
DA:21,2
DA:23,1
DA:24,1
DA:25,3
DA:27,1
DA:28,2
DA:32,1
DA:42,1
DA:43,3
DA:46,3
DA:47,1
DA:48,1
DA:49,1
DA:51,2
DA:52,2
DA:54,1
DA:55,1
DA:56,3
DA:58,1
DA:59,2
DA:63,1
LF:28
LH:28
end_of_record
SF:lib\presentation\bloc\search_event.dart
DA:8,1
DA:10,0
DA:11,0
DA:17,1
DA:19,0
DA:20,0
LF:6
LH:2
end_of_record
SF:lib\presentation\bloc\search_state.dart
DA:8,1
DA:10,1
DA:11,1
DA:21,1
DA:23,1
DA:24,2
DA:30,1
DA:32,1
DA:33,2
DA:39,1
DA:41,1
DA:42,2
LF:12
LH:12
end_of_record
