SF:lib\domain\usecases\movies\search_movies.dart
DA:9,1
DA:11,1
DA:12,2
LF:3
LH:3
end_of_record
SF:lib\bloc\search_bloc.dart
DA:11,1
DA:12,3
DA:15,3
DA:16,1
DA:17,1
DA:18,1
DA:20,2
DA:21,2
DA:23,1
DA:24,1
DA:25,3
DA:27,1
DA:28,2
DA:32,1
DA:42,3
DA:43,1
DA:44,1
DA:45,1
DA:47,2
DA:48,2
DA:50,1
DA:51,1
DA:52,3
DA:54,1
DA:55,2
LF:25
LH:25
end_of_record
SF:lib\bloc\search_event.dart
DA:8,1
DA:10,0
DA:11,0
DA:17,1
DA:19,0
DA:20,0
LF:6
LH:2
end_of_record
SF:lib\bloc\search_state.dart
DA:8,1
DA:10,1
DA:11,1
DA:21,1
DA:23,1
DA:24,2
DA:30,1
DA:32,1
DA:33,2
DA:39,1
DA:41,1
DA:42,2
LF:12
LH:12
end_of_record
SF:lib\domain\usecases\tvseries\search_tvseries.dart
DA:9,1
DA:11,1
DA:12,2
LF:3
LH:3
end_of_record
SF:lib\presentation\provider\movies\movie_search_notifier.dart
DA:9,1
DA:12,2
DA:15,2
DA:18,2
DA:20,1
DA:21,1
DA:22,1
DA:24,2
DA:25,1
DA:26,1
DA:27,2
DA:28,1
DA:29,1
DA:31,1
DA:32,1
DA:33,1
DA:34,1
LF:17
LH:17
end_of_record
SF:lib\presentation\provider\tvseries\tvseries_search_notifier.dart
DA:9,1
DA:12,2
DA:15,2
DA:18,2
DA:20,1
DA:21,1
DA:22,1
DA:24,2
DA:25,1
DA:26,1
DA:27,2
DA:28,1
DA:29,1
DA:31,1
DA:32,1
DA:33,1
DA:34,1
LF:17
LH:17
end_of_record
